[debug] [2026-04-03T10:46:35.322Z] ----------------------------------------------------------------------
[debug] [2026-04-03T10:46:35.326Z] Command:       C:\Program Files\nodejs\node.exe C:\Users\user\AppData\Roaming\npm\node_modules\firebase-tools\lib\bin\firebase.js deploy --only functions
[debug] [2026-04-03T10:46:35.327Z] CLI Version:   13.23.1
[debug] [2026-04-03T10:46:35.327Z] Platform:      win32
[debug] [2026-04-03T10:46:35.327Z] Node Version:  v22.15.0
[debug] [2026-04-03T10:46:35.327Z] Time:          Fri Apr 03 2026 16:16:35 GMT+0530 (India Standard Time)
[debug] [2026-04-03T10:46:35.327Z] ----------------------------------------------------------------------
[debug] 
[debug] [2026-04-03T10:46:35.430Z] > command requires scopes: ["email","openid","https://www.googleapis.com/auth/cloudplatformprojects.readonly","https://www.googleapis.com/auth/firebase","https://www.googleapis.com/auth/cloud-platform"]
[debug] [2026-04-03T10:46:35.430Z] > authorizing via signed-in user (kitecabtaxiservice@gmail.com)
[debug] [2026-04-03T10:46:35.430Z] [iam] checking project kitecab-driver-portal-9972a for permissions ["cloudfunctions.functions.create","cloudfunctions.functions.delete","cloudfunctions.functions.get","cloudfunctions.functions.list","cloudfunctions.functions.update","cloudfunctions.operations.get","firebase.projects.get"]
[debug] [2026-04-03T10:46:35.432Z] Checked if tokens are valid: true, expires at: 1775215464896
[debug] [2026-04-03T10:46:35.432Z] Checked if tokens are valid: true, expires at: 1775215464896
[debug] [2026-04-03T10:46:35.433Z] >>> [apiv2][query] POST https://cloudresourcemanager.googleapis.com/v1/projects/kitecab-driver-portal-9972a:testIamPermissions [none]
[debug] [2026-04-03T10:46:35.434Z] >>> [apiv2][(partial)header] POST https://cloudresourcemanager.googleapis.com/v1/projects/kitecab-driver-portal-9972a:testIamPermissions x-goog-quota-user=projects/kitecab-driver-portal-9972a
[debug] [2026-04-03T10:46:35.434Z] >>> [apiv2][body] POST https://cloudresourcemanager.googleapis.com/v1/projects/kitecab-driver-portal-9972a:testIamPermissions {"permissions":["cloudfunctions.functions.create","cloudfunctions.functions.delete","cloudfunctions.functions.get","cloudfunctions.functions.list","cloudfunctions.functions.update","cloudfunctions.operations.get","firebase.projects.get"]}
[debug] [2026-04-03T10:46:37.268Z] <<< [apiv2][status] POST https://cloudresourcemanager.googleapis.com/v1/projects/kitecab-driver-portal-9972a:testIamPermissions 200
[debug] [2026-04-03T10:46:37.269Z] <<< [apiv2][body] POST https://cloudresourcemanager.googleapis.com/v1/projects/kitecab-driver-portal-9972a:testIamPermissions {"permissions":["cloudfunctions.functions.create","cloudfunctions.functions.delete","cloudfunctions.functions.get","cloudfunctions.functions.list","cloudfunctions.functions.update","cloudfunctions.operations.get","firebase.projects.get"]}
[debug] [2026-04-03T10:46:37.269Z] Checked if tokens are valid: true, expires at: 1775215464896
[debug] [2026-04-03T10:46:37.269Z] Checked if tokens are valid: true, expires at: 1775215464896
[debug] [2026-04-03T10:46:37.269Z] >>> [apiv2][query] POST https://iam.googleapis.com/v1/projects/kitecab-driver-portal-9972a/serviceAccounts/kitecab-driver-portal-9972a@appspot.gserviceaccount.com:testIamPermissions [none]
[debug] [2026-04-03T10:46:37.269Z] >>> [apiv2][body] POST https://iam.googleapis.com/v1/projects/kitecab-driver-portal-9972a/serviceAccounts/kitecab-driver-portal-9972a@appspot.gserviceaccount.com:testIamPermissions {"permissions":["iam.serviceAccounts.actAs"]}
[debug] [2026-04-03T10:46:39.173Z] <<< [apiv2][status] POST https://iam.googleapis.com/v1/projects/kitecab-driver-portal-9972a/serviceAccounts/kitecab-driver-portal-9972a@appspot.gserviceaccount.com:testIamPermissions 200
[debug] [2026-04-03T10:46:39.174Z] <<< [apiv2][body] POST https://iam.googleapis.com/v1/projects/kitecab-driver-portal-9972a/serviceAccounts/kitecab-driver-portal-9972a@appspot.gserviceaccount.com:testIamPermissions {"permissions":["iam.serviceAccounts.actAs"]}
[info] 
[info] === Deploying to 'kitecab-driver-portal-9972a'...
[info] 
[info] i  deploying functions 
[info] Running command: npm --prefix "$RESOURCE_DIR" run lint
